CRITICAL - 2025-12-02 01:09:07 --> Error: Class "App\Controllers\UserModel" not found
[Method: POST, Route: file/upload]
in APPPATH\Controllers\FileHandler.php on line 28.
 1 SYSTEMPATH\CodeIgniter.php(933): App\Controllers\FileHandler->upload()
 2 SYSTEMPATH\CodeIgniter.php(507): CodeIgniter\CodeIgniter->runController(Object(App\Controllers\FileHandler))
 3 SYSTEMPATH\CodeIgniter.php(354): CodeIgniter\CodeIgniter->handleRequest(null, Object(Config\Cache), false)
 4 SYSTEMPATH\Boot.php(363): CodeIgniter\CodeIgniter->run()
 5 SYSTEMPATH\Boot.php(68): CodeIgniter\Boot::runCodeIgniter(Object(CodeIgniter\CodeIgniter))
 6 FCPATH\index.php(59): CodeIgniter\Boot::bootWeb(Object(Config\Paths))
 7 SYSTEMPATH\rewrite.php(44): require_once('C:\\xampp\\htdocs\\ojt-drive\\public\\index.php')
CRITICAL - 2025-12-02 01:10:30 --> Error: Class "App\Controllers\UserModel" not found
[Method: POST, Route: file/upload]
in APPPATH\Controllers\FileHandler.php on line 29.
 1 SYSTEMPATH\CodeIgniter.php(933): App\Controllers\FileHandler->upload()
 2 SYSTEMPATH\CodeIgniter.php(507): CodeIgniter\CodeIgniter->runController(Object(App\Controllers\FileHandler))
 3 SYSTEMPATH\CodeIgniter.php(354): CodeIgniter\CodeIgniter->handleRequest(null, Object(Config\Cache), false)
 4 SYSTEMPATH\Boot.php(363): CodeIgniter\CodeIgniter->run()
 5 SYSTEMPATH\Boot.php(68): CodeIgniter\Boot::runCodeIgniter(Object(CodeIgniter\CodeIgniter))
 6 FCPATH\index.php(59): CodeIgniter\Boot::bootWeb(Object(Config\Paths))
 7 SYSTEMPATH\rewrite.php(44): require_once('C:\\xampp\\htdocs\\ojt-drive\\public\\index.php')
