CRITICAL - 2025-11-25 03:19:10 --> Error: Class "App\Controllers\UserModel" not found
[Method: POST, Route: admin/updateUser]
in APPPATH\Controllers\Dashboard.php on line 94.
 1 SYSTEMPATH\CodeIgniter.php(933): App\Controllers\Dashboard->updateUser()
 2 SYSTEMPATH\CodeIgniter.php(507): CodeIgniter\CodeIgniter->runController(Object(App\Controllers\Dashboard))
 3 SYSTEMPATH\CodeIgniter.php(354): CodeIgniter\CodeIgniter->handleRequest(null, Object(Config\Cache), false)
 4 SYSTEMPATH\Boot.php(363): CodeIgniter\CodeIgniter->run()
 5 SYSTEMPATH\Boot.php(68): CodeIgniter\Boot::runCodeIgniter(Object(CodeIgniter\CodeIgniter))
 6 FCPATH\index.php(59): CodeIgniter\Boot::bootWeb(Object(Config\Paths))
 7 SYSTEMPATH\rewrite.php(44): require_once('C:\\xampp\\htdocs\\ojt-drive\\public\\index.php')
CRITICAL - 2025-11-25 03:20:24 --> Error: Class "App\Controllers\UserModel" not found
[Method: POST, Route: admin/updateUser]
in APPPATH\Controllers\Dashboard.php on line 94.
 1 SYSTEMPATH\CodeIgniter.php(933): App\Controllers\Dashboard->updateUser()
 2 SYSTEMPATH\CodeIgniter.php(507): CodeIgniter\CodeIgniter->runController(Object(App\Controllers\Dashboard))
 3 SYSTEMPATH\CodeIgniter.php(354): CodeIgniter\CodeIgniter->handleRequest(null, Object(Config\Cache), false)
 4 SYSTEMPATH\Boot.php(363): CodeIgniter\CodeIgniter->run()
 5 SYSTEMPATH\Boot.php(68): CodeIgniter\Boot::runCodeIgniter(Object(CodeIgniter\CodeIgniter))
 6 FCPATH\index.php(59): CodeIgniter\Boot::bootWeb(Object(Config\Paths))
 7 SYSTEMPATH\rewrite.php(44): require_once('C:\\xampp\\htdocs\\ojt-drive\\public\\index.php')
